app/build/outputs/logs/manifest-merger-debug-report.txt
-- Merging decision tree log ---
manifest
ADDED from src/main/AndroidManifest.xml:2:1-56:12
	package
		ADDED from src/main/AndroidManifest.xml:3:5-39
		INJECTED from src/main/AndroidManifest.xml
		INJECTED from src/main/AndroidManifest.xml
	android:versionName
		ADDED from src/main/AndroidManifest.xml:5:5-30
		INJECTED from src/main/AndroidManifest.xml
		INJECTED from src/main/AndroidManifest.xml
	android:versionCode
		ADDED from src/main/AndroidManifest.xml:4:5-28
		INJECTED from src/main/AndroidManifest.xml
		INJECTED from src/main/AndroidManifest.xml
	xmlns:android
		ADDED from src/main/AndroidManifest.xml:2:11-69
uses-sdk
ADDED from src/main/AndroidManifest.xml:7:5-9:41
	android:targetSdkVersion
		ADDED from src/main/AndroidManifest.xml:9:9-38
		INJECTED from src/main/AndroidManifest.xml
		INJECTED from src/main/AndroidManifest.xml
	android:minSdkVersion
		ADDED from src/main/AndroidManifest.xml:8:9-34
		INJECTED from src/main/AndroidManifest.xml
		INJECTED from src/main/AndroidManifest.xml
uses-permission#android.permission.READ_EXTERNAL_STORAGE
ADDED from src/main/AndroidManifest.xml:11:5-80
	android:name
		ADDED from src/main/AndroidManifest.xml:11:22-77
uses-permission#android.permission.WRITE_EXTERNAL_STORAGE
ADDED from src/main/AndroidManifest.xml:12:5-81
	android:name
		ADDED from src/main/AndroidManifest.xml:12:22-78
application
ADDED from src/main/AndroidManifest.xml:14:5-54:19
	android:label
		ADDED from src/main/AndroidManifest.xml:17:9-41
	android:allowBackup
		ADDED from src/main/AndroidManifest.xml:15:9-35
	android:icon
		ADDED from src/main/AndroidManifest.xml:16:9-45
	android:theme
		ADDED from src/main/AndroidManifest.xml:18:9-40
activity#com.example.treasurehunt.game_scenes.MainMenu
ADDED from src/main/AndroidManifest.xml:19:9-29:20
	android:screenOrientation
		ADDED from src/main/AndroidManifest.xml:22:13-50
	android:label
		ADDED from src/main/AndroidManifest.xml:21:13-45
	android:theme
		ADDED from src/main/AndroidManifest.xml:23:13-71
	android:name
		ADDED from src/main/AndroidManifest.xml:20:13-49
intent-filter#android.intent.action.MAIN+android.intent.category.LAUNCHER
ADDED from src/main/AndroidManifest.xml:24:13-28:29
action#android.intent.action.MAIN
ADDED from src/main/AndroidManifest.xml:25:17-69
	android:name
		ADDED from src/main/AndroidManifest.xml:25:25-66
category#android.intent.category.LAUNCHER
ADDED from src/main/AndroidManifest.xml:27:17-77
	android:name
		ADDED from src/main/AndroidManifest.xml:27:27-74
activity#com.example.treasurehunt.game_scenes.Game
ADDED from src/main/AndroidManifest.xml:30:9-35:20
	android:screenOrientation
		ADDED from src/main/AndroidManifest.xml:33:13-50
	android:label
		ADDED from src/main/AndroidManifest.xml:32:13-56
	android:theme
		ADDED from src/main/AndroidManifest.xml:34:13-77
	android:name
		ADDED from src/main/AndroidManifest.xml:31:13-45
activity#com.example.treasurehunt.Quiz
ADDED from src/main/AndroidManifest.xml:36:9-41:20
	android:screenOrientation
		ADDED from src/main/AndroidManifest.xml:39:13-50
	android:label
		ADDED from src/main/AndroidManifest.xml:38:13-56
	android:theme
		ADDED from src/main/AndroidManifest.xml:40:13-77
	android:name
		ADDED from src/main/AndroidManifest.xml:37:13-57
activity#com.example.treasurehunt.game_scenes.Record
ADDED from src/main/AndroidManifest.xml:42:9-47:20
	android:screenOrientation
		ADDED from src/main/AndroidManifest.xml:45:13-50
	android:label
		ADDED from src/main/AndroidManifest.xml:44:13-56
	android:theme
		ADDED from src/main/AndroidManifest.xml:46:13-71
	android:name
		ADDED from src/main/AndroidManifest.xml:43:13-47
activity#com.example.treasurehunt.game_scenes.Instruction
ADDED from src/main/AndroidManifest.xml:48:9-53:20
	android:screenOrientation
		ADDED from src/main/AndroidManifest.xml:51:13-50
	android:label
		ADDED from src/main/AndroidManifest.xml:50:13-56
	android:theme
		ADDED from src/main/AndroidManifest.xml:52:13-71
	android:name
		ADDED from src/main/AndroidManifest.xml:49:13-52